<?xml version="1.0" encoding="UTF-8"?>
<!-- Generated by org.testng.reporters.JUnitReportReporter -->
<testsuite skipped="21" hostname="DESKTOP-JK31C4D" name="testing.test.Examples" tests="22" failures="0" timestamp="10 jun 2018 17:36:51 GMT" time="0.566" errors="0">
  <testcase name="test21" time="0.566" classname="testing.test.Examples"/>
  <testcase name="test14" classname="testing.test.Examples">
    <skipped/>
  </testcase> <!-- test14 -->
  <testcase name="test15" classname="testing.test.Examples">
    <skipped/>
  </testcase> <!-- test15 -->
  <testcase name="test16" classname="testing.test.Examples">
    <skipped/>
  </testcase> <!-- test16 -->
  <testcase name="test10" classname="testing.test.Examples">
    <skipped/>
  </testcase> <!-- test10 -->
  <testcase name="test11" classname="testing.test.Examples">
    <skipped/>
  </testcase> <!-- test11 -->
  <testcase name="test12" classname="testing.test.Examples">
    <skipped/>
  </testcase> <!-- test12 -->
  <testcase name="test13" classname="testing.test.Examples">
    <skipped/>
  </testcase> <!-- test13 -->
  <testcase name="test20" classname="testing.test.Examples">
    <skipped/>
  </testcase> <!-- test20 -->
  <testcase name="test18" classname="testing.test.Examples">
    <skipped/>
  </testcase> <!-- test18 -->
  <testcase name="test19" classname="testing.test.Examples">
    <skipped/>
  </testcase> <!-- test19 -->
  <testcase name="test1" classname="testing.test.Examples">
    <skipped/>
  </testcase> <!-- test1 -->
  <testcase name="test4" classname="testing.test.Examples">
    <skipped/>
  </testcase> <!-- test4 -->
  <testcase name="test3" classname="testing.test.Examples">
    <skipped/>
  </testcase> <!-- test3 -->
  <testcase name="test6" classname="testing.test.Examples">
    <skipped/>
  </testcase> <!-- test6 -->
  <testcase name="test17" classname="testing.test.Examples">
    <skipped/>
  </testcase> <!-- test17 -->
  <testcase name="test5" classname="testing.test.Examples">
    <skipped/>
  </testcase> <!-- test5 -->
  <testcase name="test8" classname="testing.test.Examples">
    <skipped/>
  </testcase> <!-- test8 -->
  <testcase name="test7" classname="testing.test.Examples">
    <skipped/>
  </testcase> <!-- test7 -->
  <testcase name="test9" classname="testing.test.Examples">
    <skipped/>
  </testcase> <!-- test9 -->
  <testcase name="testDriver" classname="testing.test.Examples">
    <skipped/>
  </testcase> <!-- testDriver -->
  <testcase name="test2" classname="testing.test.Examples">
    <skipped/>
  </testcase> <!-- test2 -->
</testsuite> <!-- testing.test.Examples -->
