<?xml version="1.0" encoding="UTF-8"?>
<!-- Generated by org.testng.reporters.JUnitReportReporter -->
<testsuite skipped="11" hostname="DESKTOP-JK31C4D" name="testing.test.Examples" tests="12" failures="0" timestamp="10 jun 2018 04:54:13 GMT" time="6.725" errors="0">
  <testcase name="test11" time="6.725" classname="testing.test.Examples"/>
  <testcase name="test4" classname="testing.test.Examples">
    <skipped/>
  </testcase> <!-- test4 -->
  <testcase name="test3" classname="testing.test.Examples">
    <skipped/>
  </testcase> <!-- test3 -->
  <testcase name="test6" classname="testing.test.Examples">
    <skipped/>
  </testcase> <!-- test6 -->
  <testcase name="test5" classname="testing.test.Examples">
    <skipped/>
  </testcase> <!-- test5 -->
  <testcase name="test8" classname="testing.test.Examples">
    <skipped/>
  </testcase> <!-- test8 -->
  <testcase name="test10" classname="testing.test.Examples">
    <skipped/>
  </testcase> <!-- test10 -->
  <testcase name="test7" classname="testing.test.Examples">
    <skipped/>
  </testcase> <!-- test7 -->
  <testcase name="test9" classname="testing.test.Examples">
    <skipped/>
  </testcase> <!-- test9 -->
  <testcase name="testDriver" classname="testing.test.Examples">
    <skipped/>
  </testcase> <!-- testDriver -->
  <testcase name="test2" classname="testing.test.Examples">
    <skipped/>
  </testcase> <!-- test2 -->
  <testcase name="test1" classname="testing.test.Examples">
    <skipped/>
  </testcase> <!-- test1 -->
</testsuite> <!-- testing.test.Examples -->
